2021-04-17 14:11:08 INFO  Log4j:11 - Test is Starting...
2021-04-17 14:12:48 INFO  Log4j:21 - Opening Page : http:\gittigidiyor.com
2021-04-17 14:12:52 INFO  Log4j:16 - Test is Ending...
2021-04-17 14:13:02 INFO  Log4j:11 - Test is Starting...
2021-04-17 14:13:30 INFO  Log4j:21 - Opening Page : http:\gittigidiyor.com
2021-04-17 14:13:30 INFO  Log4j:16 - Test is Ending...
2021-04-17 14:16:06 INFO  Log4j:11 - Test is Starting...
2021-04-17 14:18:49 INFO  Log4j:21 - Opening Page : http:\gittigidiyor.com
2021-04-17 14:18:49 INFO  Log4j:16 - Test is Ending...
2021-04-17 14:20:17 INFO  Log4j:11 - Test is Starting...
2021-04-17 14:22:03 INFO  Log4j:21 - Opening Page : http:\gittigidiyor.com
2021-04-17 14:22:03 INFO  Log4j:16 - Test is Ending...
2021-04-17 14:26:36 INFO  Log4j:11 - Test is Starting...
2021-04-17 14:27:00 INFO  Log4j:21 - Opening Page : http:\gittigidiyor.com
2021-04-17 14:27:03 INFO  Log4j:16 - Test is Ending...
2021-04-17 14:28:17 INFO  Log4j:11 - Test is Starting...
2021-04-17 14:28:29 INFO  Log4j:21 - Opening Page : http:\gittigidiyor.com
2021-04-17 14:28:30 INFO  Log4j:16 - Test is Ending...
2021-04-17 14:28:51 INFO  Log4j:11 - Test is Starting...
2021-04-17 14:29:01 INFO  Log4j:21 - Opening Page : http:\gittigidiyor.com
2021-04-17 14:29:01 INFO  Log4j:16 - Test is Ending...
2021-04-17 14:29:17 INFO  Log4j:11 - Test is Starting...
2021-04-17 14:29:49 INFO  Log4j:21 - Opening Page : http:\gittigidiyor.com
2021-04-17 14:29:55 INFO  Log4j:16 - Test is Ending...
2021-04-17 14:30:12 INFO  Log4j:11 - Test is Starting...
2021-04-17 14:30:30 INFO  Log4j:21 - Opening Page : http:\gittigidiyor.com
2021-04-17 14:30:36 INFO  Log4j:16 - Test is Ending...
2021-04-17 14:31:36 INFO  Log4j:11 - Test is Starting...
2021-04-17 14:32:19 INFO  Log4j:21 - Opening Page : http:\gittigidiyor.com
2021-04-17 14:32:51 INFO  Log4j:21 - Email :agrcimaesr@gmail.com
2021-04-17 14:32:52 INFO  Log4j:21 - Password :5629256
2021-04-17 14:32:52 INFO  Log4j:16 - Test is Ending...
2021-04-17 14:34:04 INFO  Log4j:11 - Test is Starting...
2021-04-17 14:34:22 INFO  Log4j:21 - Opening Page : http:\gittigidiyor.com
2021-04-17 14:34:30 INFO  Log4j:21 - Email :agrcimaesr@gmail.com
2021-04-17 14:34:30 INFO  Log4j:21 - Password :5629256
2021-04-17 14:34:36 INFO  Log4j:16 - Test is Ending...
2021-04-17 14:35:26 INFO  Log4j:11 - Test is Starting...
2021-04-17 14:35:33 INFO  Log4j:21 - Opening Page : http:\gittigidiyor.com
2021-04-17 14:35:41 INFO  Log4j:21 - Email :agrcimaesr@gmail.com
2021-04-17 14:35:42 INFO  Log4j:21 - Password :5629256
2021-04-17 14:35:52 INFO  Log4j:16 - Test is Ending...
2021-04-17 14:36:23 INFO  Log4j:11 - Test is Starting...
2021-04-17 14:36:30 INFO  Log4j:21 - Opening Page : http:\gittigidiyor.com
2021-04-17 14:36:38 INFO  Log4j:21 - Email :agrcimaesr@gmail.com
2021-04-17 14:36:39 INFO  Log4j:21 - Password :5629256
2021-04-17 14:36:45 ERROR Log4j:31 - Giriþ Yapýlamadý!
2021-04-17 14:36:55 INFO  Log4j:16 - Test is Ending...
2021-04-17 14:38:08 INFO  Log4j:11 - Test is Starting...
2021-04-17 14:38:23 INFO  Log4j:21 - Opening Page : http:\gittigidiyor.com
2021-04-17 14:38:29 INFO  Log4j:21 - Email :agrcimaesr@gmail.com
2021-04-17 14:38:29 INFO  Log4j:21 - Password :5629256
2021-04-17 14:38:34 ERROR Log4j:31 - Giriþ Yapýlamadý!
2021-04-17 14:38:44 INFO  Log4j:21 - Aranan Kelime :Bilgisayar
2021-04-17 14:38:48 INFO  Log4j:16 - Test is Ending...
2021-04-17 14:39:58 INFO  Log4j:11 - Test is Starting...
2021-04-17 14:40:29 INFO  Log4j:21 - Opening Page : https://www.gittigidiyor.com
2021-04-17 14:41:03 INFO  Log4j:21 - Email :agrcimaesr@gmail.com
2021-04-17 14:41:03 INFO  Log4j:21 - Password :5629256
2021-04-17 14:41:35 INFO  Log4j:16 - Test is Ending...
2021-04-17 14:42:24 INFO  Log4j:11 - Test is Starting...
2021-04-17 14:42:32 INFO  Log4j:21 - Opening Page : https://www.gittigidiyor.com
2021-04-17 14:42:41 INFO  Log4j:21 - Email :agrcimaesr@gmail.com
2021-04-17 14:42:41 INFO  Log4j:21 - Password :5629256
2021-04-17 14:42:47 ERROR Log4j:31 - Giriþ Yapýlamadý!
2021-04-17 14:42:54 INFO  Log4j:21 - Aranan Kelime :Bilgisayar
2021-04-17 14:42:58 ERROR Log4j:31 - 2.Sayfaya geçiþ baþarýsýz!
2021-04-17 14:43:03 INFO  Log4j:16 - Test is Ending...
2021-04-17 14:43:46 INFO  Log4j:11 - Test is Starting...
2021-04-17 14:44:01 INFO  Log4j:21 - Opening Page : https://www.gittigidiyor.com
2021-04-17 14:44:38 INFO  Log4j:21 - Email :agrcimaesr@gmail.com
2021-04-17 14:44:38 INFO  Log4j:21 - Password :5629256
2021-04-17 14:44:50 ERROR Log4j:31 - Giriþ Yapýlamadý!
2021-04-17 14:44:55 INFO  Log4j:16 - Test is Ending...
2021-04-17 14:45:55 INFO  Log4j:11 - Test is Starting...
2021-04-17 14:46:13 INFO  Log4j:21 - Opening Page : https://www.gittigidiyor.com
2021-04-17 14:46:21 INFO  Log4j:21 - Email :agrcimaesr@gmail.com
2021-04-17 14:46:21 INFO  Log4j:21 - Password :5629256
2021-04-17 14:46:25 ERROR Log4j:31 - Giriþ Yapýlamadý!
2021-04-17 14:46:28 INFO  Log4j:16 - Test is Ending...
2021-04-17 14:47:06 INFO  Log4j:11 - Test is Starting...
2021-04-17 14:48:27 INFO  Log4j:21 - Opening Page : https://www.gittigidiyor.com
2021-04-17 14:51:40 INFO  Log4j:16 - Test is Ending...
2021-04-17 14:51:43 INFO  Log4j:11 - Test is Starting...
2021-04-17 14:52:38 INFO  Log4j:21 - Opening Page : https://www.gittigidiyor.com
2021-04-17 14:52:38 INFO  Log4j:16 - Test is Ending...
2021-04-17 14:52:49 INFO  Log4j:11 - Test is Starting...
2021-04-17 14:55:17 INFO  Log4j:21 - Opening Page : https://www.gittigidiyor.com
2021-04-17 14:57:21 INFO  Log4j:16 - Test is Ending...
2021-04-17 14:59:26 INFO  Log4j:11 - Test is Starting...
2021-04-17 14:59:32 INFO  Log4j:21 - Opening Page : https://www.gittigidiyor.com
2021-04-17 14:59:39 INFO  Log4j:21 - Email :agrcimaesr@gmail.com
2021-04-17 14:59:42 INFO  Log4j:21 - Password :5629256
2021-04-17 14:59:46 ERROR Log4j:31 - Giriþ Yapýlamadý!
2021-04-17 14:59:58 INFO  Log4j:21 - Aranan Kelime :Bilgisayar
2021-04-17 15:00:07 ERROR Log4j:31 - 2.Sayfaya geçiþ baþarýsýz!
2021-04-17 15:00:22 INFO  Log4j:16 - Test is Ending...
2021-04-17 15:01:59 INFO  Log4j:11 - Test is Starting...
2021-04-17 15:02:06 INFO  Log4j:21 - Opening Page : https://www.gittigidiyor.com
2021-04-17 15:02:14 INFO  Log4j:21 - Email :agrcimaesr@gmail.com
2021-04-17 15:02:17 INFO  Log4j:21 - Password :5629256
2021-04-17 15:02:23 ERROR Log4j:31 - Giriþ Yapýlamadý!
2021-04-17 15:02:29 INFO  Log4j:21 - Aranan Kelime :Bilgisayar
2021-04-17 15:02:32 ERROR Log4j:31 - 2.Sayfaya geçiþ baþarýsýz!
2021-04-17 15:02:48 INFO  Log4j:16 - Test is Ending...
2021-04-17 15:05:55 INFO  Log4j:11 - Test is Starting...
2021-04-17 15:06:05 INFO  Log4j:21 - Opening Page : https://www.gittigidiyor.com
2021-04-17 15:06:14 INFO  Log4j:21 - Email :agrcimaesr@gmail.com
2021-04-17 15:06:17 INFO  Log4j:21 - Password :5629256
2021-04-17 15:06:22 ERROR Log4j:31 - Giriþ Yapýlamadý!
2021-04-17 15:06:31 INFO  Log4j:21 - Aranan Kelime :Bilgisayar
2021-04-17 15:06:41 ERROR Log4j:31 - 2.Sayfaya geçiþ baþarýsýz!
2021-04-17 15:06:49 INFO  Log4j:16 - Test is Ending...
2021-04-17 15:07:23 INFO  Log4j:11 - Test is Starting...
2021-04-17 15:07:42 INFO  Log4j:21 - Opening Page : https://www.gittigidiyor.com
2021-04-17 15:07:53 INFO  Log4j:21 - Email :agrcimaesr@gmail.com
2021-04-17 15:07:56 INFO  Log4j:21 - Password :5629256
2021-04-17 15:08:02 ERROR Log4j:31 - Giriþ Yapýlamadý!
2021-04-17 15:08:10 INFO  Log4j:21 - Aranan Kelime :Bilgisayar
2021-04-17 15:08:24 ERROR Log4j:31 - 2.Sayfaya geçiþ baþarýsýz!
2021-04-17 15:08:57 INFO  Log4j:16 - Test is Ending...
2021-04-17 15:09:43 INFO  Log4j:11 - Test is Starting...
2021-04-17 15:09:50 INFO  Log4j:21 - Opening Page : https://www.gittigidiyor.com
2021-04-17 15:09:55 INFO  Log4j:21 - Email :agrcimaesr@gmail.com
2021-04-17 15:09:59 INFO  Log4j:21 - Password :5629256
2021-04-17 15:10:02 ERROR Log4j:31 - Giriþ Yapýlamadý!
2021-04-17 15:10:09 INFO  Log4j:21 - Aranan Kelime :Bilgisayar
2021-04-17 15:10:12 ERROR Log4j:31 - 2.Sayfaya geçiþ baþarýsýz!
2021-04-17 15:11:48 INFO  Log4j:11 - Test is Starting...
2021-04-17 15:11:57 INFO  Log4j:21 - Opening Page : https://www.gittigidiyor.com
2021-04-17 15:12:03 INFO  Log4j:21 - Email :agrcimaesr@gmail.com
2021-04-17 15:12:06 INFO  Log4j:21 - Password :5629256
2021-04-17 15:12:07 INFO  Log4j:16 - Test is Ending...
2021-04-17 15:12:13 ERROR Log4j:31 - Giriþ Yapýlamadý!
2021-04-17 15:12:21 INFO  Log4j:21 - Aranan Kelime :Bilgisayar
2021-04-17 15:12:29 ERROR Log4j:31 - 2.Sayfaya geçiþ baþarýsýz!
2021-04-17 15:14:03 INFO  Log4j:11 - Test is Starting...
2021-04-17 15:14:11 INFO  Log4j:21 - Opening Page : https://www.gittigidiyor.com
2021-04-17 15:14:16 INFO  Log4j:21 - Email :agrcimaesr@gmail.com
2021-04-17 15:14:19 INFO  Log4j:21 - Password :5629256
2021-04-17 15:14:26 INFO  Log4j:16 - Test is Ending...
2021-04-17 15:15:14 INFO  Log4j:16 - Test is Ending...
2021-04-17 15:16:25 INFO  Log4j:11 - Test is Starting...
2021-04-17 15:16:34 INFO  Log4j:21 - Opening Page : https://www.gittigidiyor.com
2021-04-17 15:16:41 INFO  Log4j:21 - Email :agrcimaesr@gmail.com
2021-04-17 15:16:44 INFO  Log4j:21 - Password :5629256
2021-04-17 15:16:51 ERROR Log4j:31 - Giriþ Yapýlamadý!
2021-04-17 15:16:59 INFO  Log4j:21 - Aranan Kelime :Bilgisayar
2021-04-17 15:17:03 ERROR Log4j:31 - 2.Sayfaya geçiþ baþarýsýz!
2021-04-17 15:17:21 INFO  Log4j:16 - Test is Ending...
2021-04-17 15:17:50 INFO  Log4j:11 - Test is Starting...
2021-04-17 15:17:57 INFO  Log4j:21 - Opening Page : https://www.gittigidiyor.com
2021-04-17 15:18:04 INFO  Log4j:21 - Email :agrcimaesr@gmail.com
2021-04-17 15:18:07 INFO  Log4j:21 - Password :5629256
2021-04-17 15:18:14 ERROR Log4j:31 - Giriþ Yapýlamadý!
2021-04-17 15:18:19 INFO  Log4j:21 - Aranan Kelime :Bilgisayar
2021-04-17 15:18:26 INFO  Log4j:16 - Test is Ending...
2021-04-17 15:19:09 INFO  Log4j:11 - Test is Starting...
2021-04-17 15:19:17 INFO  Log4j:21 - Opening Page : https://www.gittigidiyor.com/
2021-04-17 15:19:24 INFO  Log4j:21 - Email :agrcimaesr@gmail.com
2021-04-17 15:19:27 INFO  Log4j:21 - Password :5629256
2021-04-17 15:19:34 ERROR Log4j:31 - Giriþ Yapýlamadý!
2021-04-17 15:19:44 INFO  Log4j:21 - Aranan Kelime :Bilgisayar
2021-04-17 15:19:48 ERROR Log4j:31 - 2.Sayfaya geçiþ baþarýsýz!
2021-04-17 15:20:04 INFO  Log4j:16 - Test is Ending...
2021-04-17 15:21:17 INFO  Log4j:11 - Test is Starting...
2021-04-17 15:21:23 INFO  Log4j:21 - Opening Page : https://www.gittigidiyor.com/
2021-04-17 15:21:30 INFO  Log4j:21 - Email :agrcimaesr@gmail.com
2021-04-17 15:21:33 INFO  Log4j:21 - Password :5629256
2021-04-17 15:21:39 ERROR Log4j:31 - Giriþ Yapýlamadý!
2021-04-17 15:21:47 INFO  Log4j:21 - Aranan Kelime :Bilgisayar
2021-04-17 15:21:58 ERROR Log4j:31 - 2.Sayfaya geçiþ baþarýsýz!
2021-04-17 15:22:24 INFO  Log4j:16 - Test is Ending...
2021-04-17 15:32:23 INFO  Log4j:11 - Test is Starting...
2021-04-17 15:32:30 INFO  Log4j:21 - Opening Page : https://www.gittigidiyor.com/
2021-04-17 15:32:38 INFO  Log4j:21 - Email :agrcimaesr@gmail.com
2021-04-17 15:32:41 INFO  Log4j:21 - Password :5629256
2021-04-17 15:32:50 ERROR Log4j:31 - Giriþ Yapýlamadý!
2021-04-17 15:32:58 INFO  Log4j:21 - Aranan Kelime :Bilgisayar
2021-04-17 15:33:02 ERROR Log4j:31 - 2.Sayfaya geçiþ baþarýsýz!
2021-04-17 15:33:12 INFO  Log4j:16 - Test is Ending...
2021-04-17 15:34:02 INFO  Log4j:11 - Test is Starting...
2021-04-17 15:34:11 INFO  Log4j:21 - Opening Page : https://www.gittigidiyor.com/
2021-04-17 15:34:18 INFO  Log4j:21 - Email :agrcimaesr@gmail.com
2021-04-17 15:34:21 INFO  Log4j:21 - Password :5629256
2021-04-17 15:34:28 ERROR Log4j:31 - Giriþ Yapýlamadý!
2021-04-17 15:34:35 INFO  Log4j:21 - Aranan Kelime :Bilgisayar
2021-04-17 15:34:38 ERROR Log4j:31 - 2.Sayfaya geçiþ baþarýsýz!
2021-04-17 15:34:58 INFO  Log4j:16 - Test is Ending...
2021-04-17 15:41:19 INFO  Log4j:11 - Test is Starting...
2021-04-17 15:41:27 INFO  Log4j:21 - Opening Page : https://www.gittigidiyor.com/
2021-04-17 15:41:34 INFO  Log4j:21 - Email :agrcimaesr@gmail.com
2021-04-17 15:41:38 INFO  Log4j:21 - Password :5629256
2021-04-17 15:41:46 ERROR Log4j:31 - Giriþ Yapýlamadý!
2021-04-17 15:41:56 INFO  Log4j:21 - Aranan Kelime :Bilgisayar
2021-04-17 15:42:00 ERROR Log4j:31 - 2.Sayfaya geçiþ baþarýsýz!
2021-04-17 15:42:24 INFO  Log4j:16 - Test is Ending...
2021-04-17 15:43:01 INFO  Log4j:11 - Test is Starting...
2021-04-17 15:43:09 INFO  Log4j:21 - Opening Page : https:/www.gittigidiyor.com/
2021-04-17 15:43:16 INFO  Log4j:21 - Email :agrcimaesr@gmail.com
2021-04-17 15:43:19 INFO  Log4j:21 - Password :5629256
2021-04-17 15:43:27 ERROR Log4j:31 - Giriþ Yapýlamadý!
2021-04-17 15:43:36 INFO  Log4j:21 - Aranan Kelime :Bilgisayar
2021-04-17 15:43:41 INFO  Log4j:16 - Test is Ending...
2021-04-17 15:43:56 INFO  Log4j:11 - Test is Starting...
2021-04-17 15:44:03 INFO  Log4j:21 - Opening Page : https:/www.gittigidiyor.com/
2021-04-17 15:44:10 INFO  Log4j:21 - Email :agrcimaesr@gmail.com
2021-04-17 15:44:13 INFO  Log4j:21 - Password :5629256
2021-04-17 15:44:35 ERROR Log4j:31 - Giriþ Yapýlamadý!
2021-04-17 15:44:46 INFO  Log4j:21 - Aranan Kelime :Bilgisayar
2021-04-17 15:44:54 ERROR Log4j:31 - 2.Sayfaya geçiþ baþarýsýz!
2021-04-17 15:45:20 INFO  Log4j:16 - Test is Ending...
2021-04-17 15:46:50 INFO  Log4j:11 - Test is Starting...
2021-04-17 15:47:35 INFO  Log4j:21 - Opening Page : https://www.gittigidiyor.com/
2021-04-17 15:48:11 INFO  Log4j:21 - Email :agrcimaesr@gmail.com
2021-04-17 15:48:15 INFO  Log4j:21 - Password :5629256
2021-04-17 15:48:35 INFO  Log4j:16 - Test is Ending...
2021-04-17 15:48:59 INFO  Log4j:11 - Test is Starting...
2021-04-17 15:49:08 INFO  Log4j:21 - Opening Page : https://www.gittigidiyor.com/
2021-04-17 15:49:15 INFO  Log4j:21 - Email :agrcimaesr@gmail.com
2021-04-17 15:49:18 INFO  Log4j:21 - Password :5629256
2021-04-17 15:49:23 ERROR Log4j:31 - Giriþ Yapýlamadý!
2021-04-17 15:49:32 INFO  Log4j:21 - Aranan Kelime :Bilgisayar
2021-04-17 15:49:41 ERROR Log4j:31 - 2.Sayfaya geçiþ baþarýsýz!
2021-04-17 15:50:04 INFO  Log4j:16 - Test is Ending...
2021-04-17 15:51:40 INFO  Log4j:11 - Test is Starting...
2021-04-17 15:51:48 INFO  Log4j:21 - Opening Page : https://www.gittigidiyor.com/
2021-04-17 15:51:55 INFO  Log4j:21 - Email :agrcimaesr@gmail.com
2021-04-17 15:51:58 INFO  Log4j:21 - Password :5629256
2021-04-17 15:52:02 ERROR Log4j:31 - Giriþ Yapýlamadý!
2021-04-17 15:52:10 INFO  Log4j:21 - Aranan Kelime :Bilgisayar
2021-04-17 15:52:14 ERROR Log4j:31 - 2.Sayfaya geçiþ baþarýsýz!
2021-04-17 15:52:24 INFO  Log4j:16 - Test is Ending...
2021-04-17 15:53:23 INFO  Log4j:11 - Test is Starting...
2021-04-17 15:53:31 INFO  Log4j:21 - Opening Page : https://www.gittigidiyor.com/
2021-04-17 15:53:42 INFO  Log4j:21 - Email :agrcimaesr@gmail.com
2021-04-17 15:53:45 INFO  Log4j:21 - Password :5629256
2021-04-17 15:53:50 INFO  Log4j:21 - Giriþ Baþarýlý
2021-04-17 15:53:58 INFO  Log4j:21 - Aranan Kelime :Bilgisayar
2021-04-17 15:54:06 INFO  Log4j:21 - 2.Sayfaya geçiþ baþarýlý
2021-04-17 15:54:14 INFO  Log4j:16 - Test is Ending...
2021-04-17 15:54:31 INFO  Log4j:11 - Test is Starting...
2021-04-17 15:54:42 INFO  Log4j:21 - Opening Page : https://www.gittigidiyor.com
2021-04-17 15:54:55 INFO  Log4j:16 - Test is Ending...
2021-04-17 15:55:05 INFO  Log4j:11 - Test is Starting...
2021-04-17 15:55:16 INFO  Log4j:21 - Opening Page : https://www.gittigidiyor.com
2021-04-17 15:55:21 INFO  Log4j:21 - Email :agrcimaesr@gmail.com
2021-04-17 15:55:25 INFO  Log4j:21 - Password :5629256
2021-04-17 15:55:29 ERROR Log4j:31 - Giriþ Yapýlamadý!
2021-04-17 15:55:36 INFO  Log4j:21 - Aranan Kelime :Bilgisayar
2021-04-17 15:55:41 INFO  Log4j:21 - 2.Sayfaya geçiþ baþarýlý
2021-04-17 15:56:02 INFO  Log4j:16 - Test is Ending...
2021-04-17 15:56:42 INFO  Log4j:11 - Test is Starting...
2021-04-17 15:56:51 INFO  Log4j:21 - Opening Page : https://www.gittigidiyor.com/
2021-04-17 15:56:58 INFO  Log4j:21 - Email :agrcimaesr@gmail.com
2021-04-17 15:57:01 INFO  Log4j:21 - Password :5629256
2021-04-17 15:57:05 INFO  Log4j:21 - Giriþ Baþarýlý
2021-04-17 15:57:15 INFO  Log4j:21 - Aranan Kelime :Bilgisayar
2021-04-17 15:57:19 INFO  Log4j:21 - 2.Sayfaya geçiþ baþarýlý
2021-04-17 15:57:31 INFO  Log4j:16 - Test is Ending...
2021-04-17 15:57:54 INFO  Log4j:11 - Test is Starting...
2021-04-17 15:58:04 INFO  Log4j:21 - Opening Page : https://www.gittigidiyor.com/
2021-04-17 15:58:13 INFO  Log4j:16 - Test is Ending...
2021-04-17 15:58:20 INFO  Log4j:11 - Test is Starting...
2021-04-17 15:58:30 INFO  Log4j:21 - Opening Page : https://www.gittigidiyor.com/
2021-04-17 15:58:36 INFO  Log4j:21 - Email :agrcimaesr@gmail.com
2021-04-17 15:58:39 INFO  Log4j:21 - Password :5629256
2021-04-17 15:58:43 INFO  Log4j:21 - Giriþ Baþarýlý
2021-04-17 15:58:58 INFO  Log4j:21 - Aranan Kelime :Bilgisayar
2021-04-17 15:59:20 INFO  Log4j:21 - 2.Sayfaya geçiþ baþarýlý
2021-04-17 16:00:03 INFO  Log4j:16 - Test is Ending...
2021-04-17 16:34:58 INFO  Log4j:11 - Test is Starting...
2021-04-17 16:35:11 INFO  Log4j:21 - Opening Page : https://www.gittigidiyor.com/
2021-04-17 16:35:21 INFO  Log4j:16 - Test is Ending...
2021-04-17 16:35:28 INFO  Log4j:11 - Test is Starting...
2021-04-17 16:35:45 INFO  Log4j:21 - Opening Page : https://www.gittigidiyor.com/
2021-04-17 16:35:55 INFO  Log4j:21 - Email :agrcimaesr@gmail.com
2021-04-17 16:35:58 INFO  Log4j:21 - Password :5629256
2021-04-17 16:36:07 INFO  Log4j:21 - Giriþ Baþarýlý
2021-04-17 16:36:18 INFO  Log4j:21 - Aranan Kelime :Bilgisayar
2021-04-17 16:36:26 INFO  Log4j:21 - 2.Sayfaya geçiþ baþarýlý
2021-04-17 16:36:38 INFO  Log4j:16 - Test is Ending...
2021-04-17 16:37:13 INFO  Log4j:11 - Test is Starting...
2021-04-17 16:37:25 INFO  Log4j:21 - Opening Page : https://www.gittigidiyor.com/
2021-04-17 16:37:34 INFO  Log4j:21 - Email :agrcimaesr@gmail.com
2021-04-17 16:37:37 INFO  Log4j:21 - Password :5629256
2021-04-17 16:37:43 INFO  Log4j:21 - Giriþ Baþarýlý
2021-04-17 16:37:58 INFO  Log4j:21 - Aranan Kelime :Bilgisayar
2021-04-17 16:38:03 INFO  Log4j:21 - 2.Sayfaya geçiþ baþarýlý
2021-04-17 16:38:29 INFO  Log4j:16 - Test is Ending...
2021-04-17 16:44:01 INFO  Log4j:11 - Test is Starting...
2021-04-17 16:44:12 INFO  Log4j:21 - Opening Page : https://www.gittigidiyor.com/
2021-04-17 16:44:20 INFO  Log4j:21 - Email :agrcimaesr@gmail.com
2021-04-17 16:44:23 INFO  Log4j:21 - Password :5629256
2021-04-17 16:44:28 INFO  Log4j:21 - Giriþ Baþarýlý
2021-04-17 16:44:38 INFO  Log4j:21 - Aranan Kelime :Bilgisayar
2021-04-17 16:44:47 INFO  Log4j:21 - 2.Sayfaya geçiþ baþarýlý
2021-04-17 16:45:02 ERROR Log4j:31 - Ürünün fiyatlarý farklý!
2021-04-17 16:45:17 INFO  Log4j:16 - Test is Ending...
2021-04-17 16:47:53 INFO  Log4j:11 - Test is Starting...
2021-04-17 16:48:59 INFO  Log4j:21 - Opening Page : https://www.gittigidiyor.com/
2021-04-17 16:49:19 INFO  Log4j:21 - Email :agrcimaesr@gmail.com
2021-04-17 16:49:23 INFO  Log4j:21 - Password :5629256
2021-04-17 16:49:32 INFO  Log4j:21 - Giriþ Baþarýlý
2021-04-17 16:49:50 INFO  Log4j:21 - Aranan Kelime :Bilgisayar
2021-04-17 16:49:57 INFO  Log4j:21 - 2.Sayfaya geçiþ baþarýlý
2021-04-17 16:50:09 INFO  Log4j:21 - Ürünün fiyatlarý ayný
2021-04-17 16:50:23 INFO  Log4j:16 - Test is Ending...
2021-04-17 16:50:47 INFO  Log4j:11 - Test is Starting...
2021-04-17 16:50:55 INFO  Log4j:21 - Opening Page : https://www.gittigidiyor.com/
2021-04-17 16:51:02 INFO  Log4j:21 - Email :agrcimaesr@gmail.com
2021-04-17 16:51:05 INFO  Log4j:21 - Password :5629256
2021-04-17 16:51:10 INFO  Log4j:21 - Giriþ Baþarýlý
2021-04-17 16:51:18 INFO  Log4j:21 - Aranan Kelime :Bilgisayar
2021-04-17 16:51:22 INFO  Log4j:21 - 2.Sayfaya geçiþ baþarýlý
2021-04-17 16:51:34 INFO  Log4j:21 - Ürünün fiyatlarý ayný
2021-04-17 16:51:48 INFO  Log4j:16 - Test is Ending...
2021-04-17 16:53:34 INFO  Log4j:11 - Test is Starting...
2021-04-17 16:53:41 INFO  Log4j:21 - Opening Page : https://www.gittigidiyor.com/
2021-04-17 16:53:48 INFO  Log4j:21 - Email :agrcimaesr@gmail.com
2021-04-17 16:53:51 INFO  Log4j:21 - Password :5629256
2021-04-17 16:53:56 INFO  Log4j:21 - Giriþ Baþarýlý
2021-04-17 16:54:03 INFO  Log4j:21 - Aranan Kelime :Bilgisayar
2021-04-17 16:54:07 INFO  Log4j:21 - 2.Sayfaya geçiþ baþarýlý
2021-04-17 16:54:21 INFO  Log4j:21 - Ürünün fiyatlarý ayný
2021-04-17 16:54:35 INFO  Log4j:16 - Test is Ending...
2021-04-17 17:59:49 INFO  Log4j:11 - Test is Starting...
2021-04-17 18:00:20 INFO  Log4j:21 - Opening Page : https://www.gittigidiyor.com/
2021-04-17 18:01:05 INFO  Log4j:21 - Email :agrcimaesr@gmail.com
2021-04-17 18:01:08 INFO  Log4j:21 - Password :5629256
2021-04-17 18:01:24 INFO  Log4j:21 - Giriþ Baþarýlý
2021-04-17 18:02:07 INFO  Log4j:21 - Aranan Kelime :Bilgisayar
2021-04-17 18:02:11 INFO  Log4j:16 - Test is Ending...
2021-04-17 18:02:18 INFO  Log4j:11 - Test is Starting...
2021-04-17 18:03:01 INFO  Log4j:21 - Opening Page : https://www.gittigidiyor.com/
2021-04-17 18:03:01 INFO  Log4j:16 - Test is Ending...
2021-04-17 18:03:24 INFO  Log4j:11 - Test is Starting...
2021-04-17 18:04:45 INFO  Log4j:21 - Opening Page : https://www.gittigidiyor.com/
2021-04-17 18:05:05 INFO  Log4j:21 - Email :agrcimaesr@gmail.com
2021-04-17 18:05:08 INFO  Log4j:21 - Password :5629256
2021-04-17 18:05:17 INFO  Log4j:21 - Giriþ Baþarýlý
2021-04-17 18:06:12 INFO  Log4j:21 - Aranan Kelime :Bilgisayar
2021-04-17 18:06:23 INFO  Log4j:21 - 2.Sayfaya geçiþ baþarýlý
2021-04-17 18:06:41 INFO  Log4j:21 - Ürünün fiyatlarý ayný
2021-04-17 18:06:55 INFO  Log4j:16 - Test is Ending...
2021-04-17 18:07:32 INFO  Log4j:11 - Test is Starting...
2021-04-17 18:08:11 INFO  Log4j:21 - Opening Page : https://www.gittigidiyor.com/
2021-04-17 18:09:01 INFO  Log4j:21 - Email :agrcimaesr@gmail.com
2021-04-17 18:09:04 INFO  Log4j:21 - Password :5629256
2021-04-17 18:09:16 INFO  Log4j:21 - Giriþ Baþarýlý
2021-04-17 18:10:39 INFO  Log4j:21 - Aranan Kelime :Bilgisayar
2021-04-17 18:10:59 INFO  Log4j:21 - 2.Sayfaya geçiþ baþarýlý
2021-04-17 18:12:15 INFO  Log4j:21 - Ürünün fiyatlarý ayný
2021-04-17 18:12:33 INFO  Log4j:16 - Test is Ending...
2021-04-17 18:16:37 INFO  Log4j:11 - Test is Starting...
2021-04-17 18:16:44 INFO  Log4j:21 - Opening Page : https://www.gittigidiyor.com/
2021-04-17 18:16:53 INFO  Log4j:16 - Test is Ending...
2021-04-17 18:16:59 INFO  Log4j:11 - Test is Starting...
2021-04-17 18:17:06 INFO  Log4j:21 - Opening Page : https://www.gittigidiyor.com/
2021-04-17 18:17:12 INFO  Log4j:21 - Email :agrcimaesr@gmail.com
2021-04-17 18:17:15 INFO  Log4j:21 - Password :5629256
2021-04-17 18:17:18 INFO  Log4j:21 - Giriþ Baþarýlý
2021-04-17 18:17:26 INFO  Log4j:21 - Aranan Kelime :Bilgisayar
2021-04-17 18:17:30 INFO  Log4j:21 - 2.Sayfaya geçiþ baþarýlý
2021-04-17 18:17:45 ERROR Log4j:31 - Ürünün fiyatlarý farklý!
2021-04-17 18:17:54 INFO  Log4j:21 - Sepet Boþ
2021-04-17 18:18:02 INFO  Log4j:16 - Test is Ending...
2021-04-17 18:48:27 INFO  Log4j:11 - Test is Starting...
2021-04-17 18:48:35 INFO  Log4j:21 - Opening Page : https://www.gittigidiyor.com/
2021-04-17 18:48:42 INFO  Log4j:21 - Email :agrcimaesr@gmail.com
2021-04-17 18:48:45 INFO  Log4j:21 - Password :5629256
2021-04-17 18:48:50 INFO  Log4j:21 - Giriþ Baþarýlý
2021-04-17 18:48:55 INFO  Log4j:21 - Aranan Kelime :Bilgisayar
2021-04-17 18:49:00 INFO  Log4j:21 - 2.Sayfaya geçiþ baþarýlý
2021-04-17 18:49:11 INFO  Log4j:21 - Ürünün fiyatlarý ayný
2021-04-17 18:49:18 INFO  Log4j:21 - Ürün adeti 2
2021-04-17 18:49:21 INFO  Log4j:21 - Sepet Boþ
2021-04-17 18:49:29 INFO  Log4j:16 - Test is Ending...
2021-04-17 19:28:10 INFO  Log4j:11 - Test is Starting...
2021-04-17 19:28:17 INFO  Log4j:21 - gittigidiyor açýldý
2021-04-17 19:28:17 INFO  Log4j:21 - Opening Page : https://www.gittigidiyor.com/
2021-04-17 19:28:30 INFO  Log4j:21 - Giriþ Baþarýlý
2021-04-17 19:28:39 INFO  Log4j:21 - Aranan Kelime :Bilgisayar
2021-04-17 19:28:48 INFO  Log4j:21 - 2.Sayfaya geçiþ baþarýlý
2021-04-17 19:29:03 INFO  Log4j:21 - Ürünün fiyatlarý ayný
2021-04-17 19:29:10 INFO  Log4j:21 - Ürün adeti 2
2021-04-17 19:29:13 INFO  Log4j:21 - Sepet Boþ
2021-04-17 19:29:17 INFO  Log4j:16 - Test is Ending...
